2024-04-06T09:48:21.474+03:00  INFO 1960 --- [main] last1k.library.LibraryApplication        : Starting LibraryApplication using Java 17.0.9 with PID 1960 (D:\library-main\build\classes\java\main started by user in D:\library-main)
2024-04-06T09:48:21.501+03:00  INFO 1960 --- [main] last1k.library.LibraryApplication        : No active profile set, falling back to 1 default profile: "default"
2024-04-06T09:48:24.861+03:00  INFO 1960 --- [main] .s.d.r.c.RepositoryConfigurationDelegate : Multiple Spring Data modules found, entering strict repository configuration mode
2024-04-06T09:48:24.864+03:00  INFO 1960 --- [main] .s.d.r.c.RepositoryConfigurationDelegate : Bootstrapping Spring Data JDBC repositories in DEFAULT mode.
2024-04-06T09:48:25.075+03:00  INFO 1960 --- [main] .RepositoryConfigurationExtensionSupport : Spring Data JDBC - Could not safely identify store assignment for repository candidate interface last1k.library.database.repository.BookRepository; If you want this repository to be a JDBC repository, consider annotating your entities with one of these annotations: org.springframework.data.relational.core.mapping.Table.
2024-04-06T09:48:25.078+03:00  INFO 1960 --- [main] .RepositoryConfigurationExtensionSupport : Spring Data JDBC - Could not safely identify store assignment for repository candidate interface last1k.library.database.repository.PersonRepository; If you want this repository to be a JDBC repository, consider annotating your entities with one of these annotations: org.springframework.data.relational.core.mapping.Table.
2024-04-06T09:48:25.080+03:00  INFO 1960 --- [main] .s.d.r.c.RepositoryConfigurationDelegate : Finished Spring Data repository scanning in 204 ms. Found 0 JDBC repository interfaces.
2024-04-06T09:48:25.130+03:00  INFO 1960 --- [main] .s.d.r.c.RepositoryConfigurationDelegate : Multiple Spring Data modules found, entering strict repository configuration mode
2024-04-06T09:48:25.138+03:00  INFO 1960 --- [main] .s.d.r.c.RepositoryConfigurationDelegate : Bootstrapping Spring Data JPA repositories in DEFAULT mode.
2024-04-06T09:48:25.225+03:00  INFO 1960 --- [main] .s.d.r.c.RepositoryConfigurationDelegate : Finished Spring Data repository scanning in 68 ms. Found 2 JPA repository interfaces.
2024-04-06T09:48:27.966+03:00  INFO 1960 --- [main] o.s.b.w.embedded.tomcat.TomcatWebServer  : Tomcat initialized with port(s): 8080 (http)
2024-04-06T09:48:28.000+03:00  INFO 1960 --- [main] o.apache.catalina.core.StandardService   : Starting service [Tomcat]
2024-04-06T09:48:28.001+03:00  INFO 1960 --- [main] o.apache.catalina.core.StandardEngine    : Starting Servlet engine: [Apache Tomcat/10.1.15]
2024-04-06T09:48:28.668+03:00  INFO 1960 --- [main] org.apache.jasper.servlet.TldScanner     : At least one JAR was scanned for TLDs yet contained no TLDs. Enable debug logging for this logger for a complete list of JARs that were scanned but no TLDs were found in them. Skipping unneeded JARs during scanning can improve startup time and JSP compilation time.
2024-04-06T09:48:28.676+03:00  INFO 1960 --- [main] o.a.c.c.C.[Tomcat].[localhost].[/]       : Initializing Spring embedded WebApplicationContext
2024-04-06T09:48:28.677+03:00  INFO 1960 --- [main] w.s.c.ServletWebServerApplicationContext : Root WebApplicationContext: initialization completed in 6940 ms
2024-04-06T09:48:29.145+03:00  INFO 1960 --- [main] com.zaxxer.hikari.HikariDataSource       : HikariPool-1 - Starting...
2024-04-06T09:48:29.473+03:00  INFO 1960 --- [main] com.zaxxer.hikari.pool.HikariPool        : HikariPool-1 - Added connection org.postgresql.jdbc.PgConnection@6eed46e9
2024-04-06T09:48:29.478+03:00  INFO 1960 --- [main] com.zaxxer.hikari.HikariDataSource       : HikariPool-1 - Start completed.
2024-04-06T09:48:29.563+03:00  INFO 1960 --- [main] o.hibernate.jpa.internal.util.LogHelper  : HHH000204: Processing PersistenceUnitInfo [name: default]
2024-04-06T09:48:29.764+03:00  INFO 1960 --- [main] org.hibernate.Version                    : HHH000412: Hibernate ORM core version 6.2.13.Final
2024-04-06T09:48:29.768+03:00  INFO 1960 --- [main] org.hibernate.cfg.Environment            : HHH000406: Using bytecode reflection optimizer
2024-04-06T09:48:30.060+03:00  INFO 1960 --- [main] o.h.e.boot.internal.EnversServiceImpl    : Envers integration enabled? : true
2024-04-06T09:48:30.723+03:00  INFO 1960 --- [main] o.s.o.j.p.SpringPersistenceUnitInfo      : No LoadTimeWeaver setup: ignoring JPA class transformer
2024-04-06T09:48:32.183+03:00  INFO 1960 --- [main] o.h.e.t.j.p.i.JtaPlatformInitiator       : HHH000489: No JTA platform available (set 'hibernate.transaction.jta.platform' to enable JTA platform integration)
2024-04-06T09:48:32.188+03:00  INFO 1960 --- [main] j.LocalContainerEntityManagerFactoryBean : Initialized JPA EntityManagerFactory for persistence unit 'default'
2024-04-06T09:48:33.287+03:00  WARN 1960 --- [main] JpaBaseConfiguration$JpaWebConfiguration : spring.jpa.open-in-view is enabled by default. Therefore, database queries may be performed during view rendering. Explicitly configure spring.jpa.open-in-view to disable this warning
2024-04-06T09:48:34.501+03:00  INFO 1960 --- [main] o.s.b.a.e.web.EndpointLinksResolver      : Exposing 1 endpoint(s) beneath base path '/actuator'
2024-04-06T09:48:34.636+03:00  INFO 1960 --- [main] o.s.b.w.embedded.tomcat.TomcatWebServer  : Tomcat started on port(s): 8080 (http) with context path ''
2024-04-06T09:48:34.657+03:00  INFO 1960 --- [main] last1k.library.LibraryApplication        : Started LibraryApplication in 13.981 seconds (process running for 15.42)
2024-04-06T09:48:54.993+03:00  INFO 1960 --- [http-nio-8080-exec-2] o.a.c.c.C.[Tomcat].[localhost].[/]       : Initializing Spring DispatcherServlet 'dispatcherServlet'
2024-04-06T09:48:54.994+03:00  INFO 1960 --- [http-nio-8080-exec-2] o.s.web.servlet.DispatcherServlet        : Initializing Servlet 'dispatcherServlet'
2024-04-06T09:48:54.998+03:00  INFO 1960 --- [http-nio-8080-exec-2] o.s.web.servlet.DispatcherServlet        : Completed initialization in 4 ms
2024-04-06T09:54:36.251+03:00  INFO 8204 --- [main] last1k.library.LibraryApplication        : Starting LibraryApplication using Java 17.0.9 with PID 8204 (D:\library-main\build\classes\java\main started by user in D:\library-main)
2024-04-06T09:54:36.254+03:00  INFO 8204 --- [main] last1k.library.LibraryApplication        : No active profile set, falling back to 1 default profile: "default"
2024-04-06T09:54:38.048+03:00  INFO 8204 --- [main] .s.d.r.c.RepositoryConfigurationDelegate : Multiple Spring Data modules found, entering strict repository configuration mode
2024-04-06T09:54:38.050+03:00  INFO 8204 --- [main] .s.d.r.c.RepositoryConfigurationDelegate : Bootstrapping Spring Data JDBC repositories in DEFAULT mode.
2024-04-06T09:54:38.098+03:00  INFO 8204 --- [main] .RepositoryConfigurationExtensionSupport : Spring Data JDBC - Could not safely identify store assignment for repository candidate interface last1k.library.database.repository.BookRepository; If you want this repository to be a JDBC repository, consider annotating your entities with one of these annotations: org.springframework.data.relational.core.mapping.Table.
2024-04-06T09:54:38.100+03:00  INFO 8204 --- [main] .RepositoryConfigurationExtensionSupport : Spring Data JDBC - Could not safely identify store assignment for repository candidate interface last1k.library.database.repository.PersonRepository; If you want this repository to be a JDBC repository, consider annotating your entities with one of these annotations: org.springframework.data.relational.core.mapping.Table.
2024-04-06T09:54:38.100+03:00  INFO 8204 --- [main] .s.d.r.c.RepositoryConfigurationDelegate : Finished Spring Data repository scanning in 45 ms. Found 0 JDBC repository interfaces.
2024-04-06T09:54:38.114+03:00  INFO 8204 --- [main] .s.d.r.c.RepositoryConfigurationDelegate : Multiple Spring Data modules found, entering strict repository configuration mode
2024-04-06T09:54:38.116+03:00  INFO 8204 --- [main] .s.d.r.c.RepositoryConfigurationDelegate : Bootstrapping Spring Data JPA repositories in DEFAULT mode.
2024-04-06T09:54:38.160+03:00  INFO 8204 --- [main] .s.d.r.c.RepositoryConfigurationDelegate : Finished Spring Data repository scanning in 36 ms. Found 2 JPA repository interfaces.
2024-04-06T09:54:38.993+03:00  INFO 8204 --- [main] o.s.b.w.embedded.tomcat.TomcatWebServer  : Tomcat initialized with port(s): 8080 (http)
2024-04-06T09:54:39.004+03:00  INFO 8204 --- [main] o.apache.catalina.core.StandardService   : Starting service [Tomcat]
2024-04-06T09:54:39.005+03:00  INFO 8204 --- [main] o.apache.catalina.core.StandardEngine    : Starting Servlet engine: [Apache Tomcat/10.1.15]
2024-04-06T09:54:39.356+03:00  INFO 8204 --- [main] org.apache.jasper.servlet.TldScanner     : At least one JAR was scanned for TLDs yet contained no TLDs. Enable debug logging for this logger for a complete list of JARs that were scanned but no TLDs were found in them. Skipping unneeded JARs during scanning can improve startup time and JSP compilation time.
2024-04-06T09:54:39.364+03:00  INFO 8204 --- [main] o.a.c.c.C.[Tomcat].[localhost].[/]       : Initializing Spring embedded WebApplicationContext
2024-04-06T09:54:39.366+03:00  INFO 8204 --- [main] w.s.c.ServletWebServerApplicationContext : Root WebApplicationContext: initialization completed in 3033 ms
2024-04-06T09:54:39.702+03:00  INFO 8204 --- [main] com.zaxxer.hikari.HikariDataSource       : HikariPool-1 - Starting...
2024-04-06T09:54:40.072+03:00  INFO 8204 --- [main] com.zaxxer.hikari.pool.HikariPool        : HikariPool-1 - Added connection org.postgresql.jdbc.PgConnection@3095d401
2024-04-06T09:54:40.075+03:00  INFO 8204 --- [main] com.zaxxer.hikari.HikariDataSource       : HikariPool-1 - Start completed.
2024-04-06T09:54:40.137+03:00  INFO 8204 --- [main] o.hibernate.jpa.internal.util.LogHelper  : HHH000204: Processing PersistenceUnitInfo [name: default]
2024-04-06T09:54:40.226+03:00  INFO 8204 --- [main] org.hibernate.Version                    : HHH000412: Hibernate ORM core version 6.2.13.Final
2024-04-06T09:54:40.230+03:00  INFO 8204 --- [main] org.hibernate.cfg.Environment            : HHH000406: Using bytecode reflection optimizer
2024-04-06T09:54:40.531+03:00  INFO 8204 --- [main] o.h.e.boot.internal.EnversServiceImpl    : Envers integration enabled? : true
2024-04-06T09:54:40.963+03:00  INFO 8204 --- [main] o.s.o.j.p.SpringPersistenceUnitInfo      : No LoadTimeWeaver setup: ignoring JPA class transformer
2024-04-06T09:54:42.300+03:00  INFO 8204 --- [main] o.h.e.t.j.p.i.JtaPlatformInitiator       : HHH000489: No JTA platform available (set 'hibernate.transaction.jta.platform' to enable JTA platform integration)
2024-04-06T09:54:42.305+03:00  INFO 8204 --- [main] j.LocalContainerEntityManagerFactoryBean : Initialized JPA EntityManagerFactory for persistence unit 'default'
2024-04-06T09:54:43.287+03:00  WARN 8204 --- [main] JpaBaseConfiguration$JpaWebConfiguration : spring.jpa.open-in-view is enabled by default. Therefore, database queries may be performed during view rendering. Explicitly configure spring.jpa.open-in-view to disable this warning
2024-04-06T09:54:46.405+03:00  INFO 8204 --- [main] o.s.b.a.e.web.EndpointLinksResolver      : Exposing 1 endpoint(s) beneath base path '/actuator'
2024-04-06T09:54:46.616+03:00  INFO 8204 --- [main] o.s.b.w.embedded.tomcat.TomcatWebServer  : Tomcat started on port(s): 8080 (http) with context path ''
2024-04-06T09:54:46.650+03:00  INFO 8204 --- [main] last1k.library.LibraryApplication        : Started LibraryApplication in 11.205 seconds (process running for 12.179)
2024-04-06T09:54:47.376+03:00  INFO 8204 --- [RMI TCP Connection(3)-192.168.1.2] o.a.c.c.C.[Tomcat].[localhost].[/]       : Initializing Spring DispatcherServlet 'dispatcherServlet'
2024-04-06T09:54:47.377+03:00  INFO 8204 --- [RMI TCP Connection(3)-192.168.1.2] o.s.web.servlet.DispatcherServlet        : Initializing Servlet 'dispatcherServlet'
2024-04-06T09:54:47.381+03:00  INFO 8204 --- [RMI TCP Connection(3)-192.168.1.2] o.s.web.servlet.DispatcherServlet        : Completed initialization in 4 ms
